<?xml version="1.0" encoding="UTF-8"?>
<testsuite xmlns:xsi="http://www.w3.org/2001/XMLSchema-instance" xsi:noNamespaceSchemaLocation="https://maven.apache.org/surefire/maven-surefire-plugin/xsd/surefire-test-report.xsd" version="3.0.2" name="com.mycompany.tubesmkepl.LoginTest" time="0.057" tests="3" errors="0" skipped="0" failures="0">
  <properties>
[...]
</properties>
  <testcase name="testLoginFail_WrongPassword" classname="com.mycompany.tubesmkepl.LoginTest" time="0.025"/>
  <testcase name="testLoginFail_UserNotFound" classname="com.mycompany.tubesmkepl.LoginTest" time="0.001"/>
  <testcase name="testLoginSuccess" classname="com.mycompany.tubesmkepl.LoginTest" time="0.002"/>
</testsuite>